2020-05-18 16:15:29,496[TestNG-tests-1]On Test Start testLoginOption
2020-05-18 16:15:29,524[TestNG-tests-1]On Test Start testLoginOption
2020-05-18 16:15:29,530[TestNG-tests-1]Check out file's path
2020-05-18 16:15:29,531[TestNG-tests-1]Check out file's path
2020-05-18 16:16:02,963[TestNG-tests-1]Check out file's path
2020-05-18 16:16:03,184[TestNG-tests-1]Check out file's path
2020-05-18 16:16:03,316[TestNG-tests-1]Check out file's path
2020-05-18 16:16:03,317[TestNG-tests-1]Useris successfully logged in 
2020-05-18 16:16:03,402[TestNG-tests-1]On Test Failed testLoginOption
2020-05-18 16:16:04,980[TestNG-tests-1]On Test Failed testLoginOption
2020-05-18 16:16:12,891[TestNG-tests-1]On Test Start testAdditionProductToCard
2020-05-18 16:16:12,891[TestNG-tests-1]On Test Start testAdditionProductToCard
2020-05-18 16:16:52,107[TestNG-tests-1]On Test Success testAdditionProductToCard
2020-05-18 16:16:52,108[TestNG-tests-1]On Test Success testAdditionProductToCard
2020-05-18 16:16:58,994[TestNG-tests-1]On Test Start testProductAdditionToTheList
2020-05-18 16:16:58,994[TestNG-tests-1]On Test Start testProductAdditionToTheList
2020-05-18 16:17:36,224[TestNG-tests-1]On Test Success testProductAdditionToTheList
2020-05-18 16:17:36,225[TestNG-tests-1]On Test Success testProductAdditionToTheList
2020-05-18 16:17:43,230[TestNG-tests-1]On Test Start testBasketPageIsDisplayed
2020-05-18 16:17:43,231[TestNG-tests-1]On Test Start testBasketPageIsDisplayed
2020-05-18 16:18:06,043[TestNG-tests-1]On Test Success testBasketPageIsDisplayed
2020-05-18 16:18:06,044[TestNG-tests-1]On Test Success testBasketPageIsDisplayed
2020-05-18 16:18:06,046[TestNG-tests-1]On Test Start testBookmarksPageIsDisplayed
2020-05-18 16:18:06,047[TestNG-tests-1]On Test Start testBookmarksPageIsDisplayed
2020-05-18 16:18:16,396[TestNG-tests-1]On Test Success testBookmarksPageIsDisplayed
2020-05-18 16:18:16,397[TestNG-tests-1]On Test Success testBookmarksPageIsDisplayed
2020-05-18 16:18:16,399[TestNG-tests-1]On Test Start testComparasionListPageIsDisplayed
2020-05-18 16:18:16,400[TestNG-tests-1]On Test Start testComparasionListPageIsDisplayed
2020-05-18 16:18:22,504[TestNG-tests-1]On Test Success testComparasionListPageIsDisplayed
2020-05-18 16:18:22,505[TestNG-tests-1]On Test Success testComparasionListPageIsDisplayed
2020-05-18 16:18:22,506[TestNG-tests-1]On Test Start testDeliveryPageIsDisplayed
2020-05-18 16:18:22,507[TestNG-tests-1]On Test Start testDeliveryPageIsDisplayed
2020-05-18 16:18:28,282[TestNG-tests-1]On Test Success testDeliveryPageIsDisplayed
2020-05-18 16:18:28,283[TestNG-tests-1]On Test Success testDeliveryPageIsDisplayed
2020-05-18 16:18:28,284[TestNG-tests-1]On Test Start testDiscountSystemPageIsDisplayed
2020-05-18 16:18:28,284[TestNG-tests-1]On Test Start testDiscountSystemPageIsDisplayed
2020-05-18 16:18:34,255[TestNG-tests-1]On Test Success testDiscountSystemPageIsDisplayed
2020-05-18 16:18:34,255[TestNG-tests-1]On Test Success testDiscountSystemPageIsDisplayed
2020-05-18 16:18:34,256[TestNG-tests-1]On Test Start testLoginWindowIsDisplayed
2020-05-18 16:18:34,257[TestNG-tests-1]On Test Start testLoginWindowIsDisplayed
2020-05-18 16:18:39,110[TestNG-tests-1]On Test Success testLoginWindowIsDisplayed
2020-05-18 16:18:39,111[TestNG-tests-1]On Test Success testLoginWindowIsDisplayed
2020-05-18 16:18:39,113[TestNG-tests-1]On Test Start testPaymentPageIsDisplayed
2020-05-18 16:18:39,114[TestNG-tests-1]On Test Start testPaymentPageIsDisplayed
2020-05-18 16:18:44,531[TestNG-tests-1]On Test Success testPaymentPageIsDisplayed
2020-05-18 16:18:44,531[TestNG-tests-1]On Test Success testPaymentPageIsDisplayed
2020-05-18 16:18:44,532[TestNG-tests-1]On Test Start testWarrantyPageIsDisplayed
2020-05-18 16:18:44,533[TestNG-tests-1]On Test Start testWarrantyPageIsDisplayed
2020-05-18 16:18:50,459[TestNG-tests-1]On Test Success testWarrantyPageIsDisplayed
2020-05-18 16:18:50,459[TestNG-tests-1]On Test Success testWarrantyPageIsDisplayed
2020-05-18 16:18:50,460[TestNG-tests-1]On Test Start testWishListPageIsDisplayed
2020-05-18 16:18:50,461[TestNG-tests-1]On Test Start testWishListPageIsDisplayed
2020-05-18 16:18:57,021[TestNG-tests-1]On Test Success testWishListPageIsDisplayed
2020-05-18 16:18:57,022[TestNG-tests-1]On Test Success testWishListPageIsDisplayed
2020-05-18 16:19:03,662[TestNG-tests-1]On Test Start testChooseProductFromCatalog
2020-05-18 16:19:03,663[TestNG-tests-1]On Test Start testChooseProductFromCatalog
2020-05-18 16:20:03,385[TestNG-tests-1]On Test Success testChooseProductFromCatalog
2020-05-18 16:20:03,385[TestNG-tests-1]On Test Success testChooseProductFromCatalog
2020-05-20 13:22:47,659[TestNG-tests-1]On Test Start testLoginOption
2020-05-20 13:22:47,664[TestNG-tests-1]On Test Start testLoginOption
2020-05-20 13:22:47,668[TestNG-tests-1]Check out file's path
2020-05-20 13:22:47,678[TestNG-tests-1]Check out file's path
2020-05-20 13:23:06,942[TestNG-tests-1]Check out file's path
2020-05-20 13:23:07,059[TestNG-tests-1]Check out file's path
2020-05-20 13:23:07,135[TestNG-tests-1]Check out file's path
2020-05-20 13:23:07,135[TestNG-tests-1]Useris successfully logged in 
2020-05-20 13:23:07,168[TestNG-tests-1]On Test Failed testLoginOption
2020-05-20 13:23:07,821[TestNG-tests-1]On Test Failed testLoginOption
2020-05-20 13:23:14,146[TestNG-tests-1]On Test Start testAdditionProductToCard
2020-05-20 13:23:14,146[TestNG-tests-1]On Test Start testAdditionProductToCard
2020-05-20 13:23:14,169[TestNG-tests-1]On Test Failed testAdditionProductToCard
2020-05-20 13:23:28,188[TestNG-tests-1]On Test Failed testAdditionProductToCard
2020-05-20 13:23:48,030[TestNG-tests-1]On Test Start testBasketPageIsDisplayed
2020-05-20 13:23:48,030[TestNG-tests-1]On Test Start testBasketPageIsDisplayed
2020-05-20 13:24:03,690[TestNG-tests-1]On Test Success testBasketPageIsDisplayed
2020-05-20 13:24:03,690[TestNG-tests-1]On Test Success testBasketPageIsDisplayed
2020-05-20 13:24:03,691[TestNG-tests-1]On Test Start testBookmarksPageIsDisplayed
2020-05-20 13:24:03,691[TestNG-tests-1]On Test Start testBookmarksPageIsDisplayed
2020-05-20 13:24:07,848[TestNG-tests-1]On Test Success testBookmarksPageIsDisplayed
2020-05-20 13:24:07,848[TestNG-tests-1]On Test Success testBookmarksPageIsDisplayed
2020-05-20 13:24:07,849[TestNG-tests-1]On Test Start testComparasionListPageIsDisplayed
2020-05-20 13:24:07,849[TestNG-tests-1]On Test Start testComparasionListPageIsDisplayed
2020-05-20 13:24:12,795[TestNG-tests-1]On Test Success testComparasionListPageIsDisplayed
2020-05-20 13:24:12,795[TestNG-tests-1]On Test Success testComparasionListPageIsDisplayed
2020-05-20 13:24:12,796[TestNG-tests-1]On Test Start testDeliveryPageIsDisplayed
2020-05-20 13:24:12,796[TestNG-tests-1]On Test Start testDeliveryPageIsDisplayed
2020-05-20 13:24:17,431[TestNG-tests-1]On Test Success testDeliveryPageIsDisplayed
2020-05-20 13:24:17,431[TestNG-tests-1]On Test Success testDeliveryPageIsDisplayed
2020-05-20 13:24:17,432[TestNG-tests-1]On Test Start testDiscountSystemPageIsDisplayed
2020-05-20 13:24:17,432[TestNG-tests-1]On Test Start testDiscountSystemPageIsDisplayed
2020-05-20 13:24:20,469[TestNG-tests-1]On Test Success testDiscountSystemPageIsDisplayed
2020-05-20 13:24:20,469[TestNG-tests-1]On Test Success testDiscountSystemPageIsDisplayed
2020-05-20 13:24:20,470[TestNG-tests-1]On Test Start testLoginWindowIsDisplayed
2020-05-20 13:24:20,470[TestNG-tests-1]On Test Start testLoginWindowIsDisplayed
2020-05-20 13:24:22,406[TestNG-tests-1]On Test Success testLoginWindowIsDisplayed
2020-05-20 13:24:22,406[TestNG-tests-1]On Test Success testLoginWindowIsDisplayed
2020-05-20 13:24:22,406[TestNG-tests-1]On Test Start testPaymentPageIsDisplayed
2020-05-20 13:24:22,407[TestNG-tests-1]On Test Start testPaymentPageIsDisplayed
2020-05-20 13:24:26,694[TestNG-tests-1]On Test Success testPaymentPageIsDisplayed
2020-05-20 13:24:26,694[TestNG-tests-1]On Test Success testPaymentPageIsDisplayed
2020-05-20 13:24:26,694[TestNG-tests-1]On Test Start testWarrantyPageIsDisplayed
2020-05-20 13:24:26,695[TestNG-tests-1]On Test Start testWarrantyPageIsDisplayed
2020-05-20 13:24:29,832[TestNG-tests-1]On Test Success testWarrantyPageIsDisplayed
2020-05-20 13:24:29,833[TestNG-tests-1]On Test Success testWarrantyPageIsDisplayed
2020-05-20 13:24:29,833[TestNG-tests-1]On Test Start testWishListPageIsDisplayed
2020-05-20 13:24:29,833[TestNG-tests-1]On Test Start testWishListPageIsDisplayed
2020-05-20 13:24:33,580[TestNG-tests-1]On Test Success testWishListPageIsDisplayed
2020-05-20 13:24:33,581[TestNG-tests-1]On Test Success testWishListPageIsDisplayed
2020-05-20 13:29:39,145[TestNG-tests-1]On Test Start testFacrotyChromeDriver
2020-05-20 13:29:39,149[TestNG-tests-1]On Test Start testFacrotyChromeDriver
2020-05-20 13:29:53,613[TestNG-tests-1]On Test Success testFacrotyChromeDriver
2020-05-20 13:29:53,614[TestNG-tests-1]On Test Success testFacrotyChromeDriver
2020-05-20 13:29:58,778[TestNG-tests-1]On Test Start testLoginOption
2020-05-20 13:29:58,778[TestNG-tests-1]On Test Start testLoginOption
2020-05-20 13:29:58,779[TestNG-tests-1]Check out file's path
2020-05-20 13:29:58,780[TestNG-tests-1]Check out file's path
2020-05-20 13:30:09,106[TestNG-tests-1]Check out file's path
2020-05-20 13:30:09,270[TestNG-tests-1]Check out file's path
2020-05-20 13:30:09,362[TestNG-tests-1]Check out file's path
2020-05-20 13:30:09,362[TestNG-tests-1]Useris successfully logged in 
2020-05-20 13:30:09,404[TestNG-tests-1]On Test Failed testLoginOption
2020-05-20 13:30:10,067[TestNG-tests-1]On Test Failed testLoginOption
2020-05-20 13:30:16,390[TestNG-tests-1]On Test Start testAdditionProductToCard
2020-05-20 13:30:16,391[TestNG-tests-1]On Test Start testAdditionProductToCard
2020-05-20 13:30:34,782[TestNG-tests-1]On Test Success testAdditionProductToCard
2020-05-20 13:30:34,782[TestNG-tests-1]On Test Success testAdditionProductToCard
2020-05-20 13:30:40,786[TestNG-tests-1]On Test Start testProductAdditionToTheList
2020-05-20 13:30:40,786[TestNG-tests-1]On Test Start testProductAdditionToTheList
2020-05-20 13:31:03,021[TestNG-tests-1]On Test Success testProductAdditionToTheList
2020-05-20 13:31:03,022[TestNG-tests-1]On Test Success testProductAdditionToTheList
2020-05-20 13:31:09,202[TestNG-tests-1]On Test Start testBasketPageIsDisplayed
2020-05-20 13:31:09,202[TestNG-tests-1]On Test Start testBasketPageIsDisplayed
2020-05-20 13:31:25,065[TestNG-tests-1]On Test Success testBasketPageIsDisplayed
2020-05-20 13:31:25,065[TestNG-tests-1]On Test Success testBasketPageIsDisplayed
2020-05-20 13:31:25,065[TestNG-tests-1]On Test Start testBookmarksPageIsDisplayed
2020-05-20 13:31:25,065[TestNG-tests-1]On Test Start testBookmarksPageIsDisplayed
2020-05-20 13:31:28,463[TestNG-tests-1]On Test Success testBookmarksPageIsDisplayed
2020-05-20 13:31:28,463[TestNG-tests-1]On Test Success testBookmarksPageIsDisplayed
2020-05-20 13:31:28,463[TestNG-tests-1]On Test Start testComparasionListPageIsDisplayed
2020-05-20 13:31:28,463[TestNG-tests-1]On Test Start testComparasionListPageIsDisplayed
2020-05-20 13:31:31,198[TestNG-tests-1]On Test Success testComparasionListPageIsDisplayed
2020-05-20 13:31:31,198[TestNG-tests-1]On Test Success testComparasionListPageIsDisplayed
2020-05-20 13:31:31,198[TestNG-tests-1]On Test Start testDeliveryPageIsDisplayed
2020-05-20 13:31:31,199[TestNG-tests-1]On Test Start testDeliveryPageIsDisplayed
2020-05-20 13:31:33,442[TestNG-tests-1]On Test Success testDeliveryPageIsDisplayed
2020-05-20 13:31:33,442[TestNG-tests-1]On Test Success testDeliveryPageIsDisplayed
2020-05-20 13:31:33,442[TestNG-tests-1]On Test Start testDiscountSystemPageIsDisplayed
2020-05-20 13:31:33,442[TestNG-tests-1]On Test Start testDiscountSystemPageIsDisplayed
2020-05-20 13:31:36,464[TestNG-tests-1]On Test Success testDiscountSystemPageIsDisplayed
2020-05-20 13:31:36,464[TestNG-tests-1]On Test Success testDiscountSystemPageIsDisplayed
2020-05-20 13:31:36,465[TestNG-tests-1]On Test Start testLoginWindowIsDisplayed
2020-05-20 13:31:36,465[TestNG-tests-1]On Test Start testLoginWindowIsDisplayed
2020-05-20 13:31:38,189[TestNG-tests-1]On Test Success testLoginWindowIsDisplayed
2020-05-20 13:31:38,190[TestNG-tests-1]On Test Success testLoginWindowIsDisplayed
2020-05-20 13:31:38,191[TestNG-tests-1]On Test Start testPaymentPageIsDisplayed
2020-05-20 13:31:38,191[TestNG-tests-1]On Test Start testPaymentPageIsDisplayed
2020-05-20 13:31:40,822[TestNG-tests-1]On Test Success testPaymentPageIsDisplayed
2020-05-20 13:31:40,822[TestNG-tests-1]On Test Success testPaymentPageIsDisplayed
2020-05-20 13:31:40,823[TestNG-tests-1]On Test Start testWarrantyPageIsDisplayed
2020-05-20 13:31:40,823[TestNG-tests-1]On Test Start testWarrantyPageIsDisplayed
2020-05-20 13:31:44,857[TestNG-tests-1]On Test Success testWarrantyPageIsDisplayed
2020-05-20 13:31:44,857[TestNG-tests-1]On Test Success testWarrantyPageIsDisplayed
2020-05-20 13:31:44,858[TestNG-tests-1]On Test Start testWishListPageIsDisplayed
2020-05-20 13:31:44,858[TestNG-tests-1]On Test Start testWishListPageIsDisplayed
2020-05-20 13:31:48,163[TestNG-tests-1]On Test Success testWishListPageIsDisplayed
2020-05-20 13:31:48,163[TestNG-tests-1]On Test Success testWishListPageIsDisplayed
2020-05-20 13:31:54,077[TestNG-tests-1]On Test Start testChooseProductFromCatalog
2020-05-20 13:31:54,077[TestNG-tests-1]On Test Start testChooseProductFromCatalog
2020-05-20 13:32:26,264[TestNG-tests-1]On Test Success testChooseProductFromCatalog
2020-05-20 13:32:26,264[TestNG-tests-1]On Test Success testChooseProductFromCatalog
2020-05-20 13:32:32,805[TestNG-tests-1]On Test Start testBasketPageIsDisplayed
2020-05-20 13:32:32,806[TestNG-tests-1]On Test Start testBasketPageIsDisplayed
2020-05-20 13:32:43,534[TestNG-tests-1]On Test Success testBasketPageIsDisplayed
2020-05-20 13:32:43,534[TestNG-tests-1]On Test Success testBasketPageIsDisplayed
2020-05-20 13:32:43,535[TestNG-tests-1]On Test Start testBookmarksPageIsDisplayed
2020-05-20 13:32:43,535[TestNG-tests-1]On Test Start testBookmarksPageIsDisplayed
2020-05-20 13:32:46,145[TestNG-tests-1]On Test Success testBookmarksPageIsDisplayed
2020-05-20 13:32:46,146[TestNG-tests-1]On Test Success testBookmarksPageIsDisplayed
2020-05-20 13:32:46,146[TestNG-tests-1]On Test Start testComparasionListPageIsDisplayed
2020-05-20 13:32:46,146[TestNG-tests-1]On Test Start testComparasionListPageIsDisplayed
2020-05-20 13:32:49,059[TestNG-tests-1]On Test Success testComparasionListPageIsDisplayed
2020-05-20 13:32:49,059[TestNG-tests-1]On Test Success testComparasionListPageIsDisplayed
2020-05-20 13:32:49,059[TestNG-tests-1]On Test Start testDeliveryPageIsDisplayed
2020-05-20 13:32:49,059[TestNG-tests-1]On Test Start testDeliveryPageIsDisplayed
2020-05-20 13:32:51,928[TestNG-tests-1]On Test Success testDeliveryPageIsDisplayed
2020-05-20 13:32:51,928[TestNG-tests-1]On Test Success testDeliveryPageIsDisplayed
2020-05-20 13:32:51,929[TestNG-tests-1]On Test Start testDiscountSystemPageIsDisplayed
2020-05-20 13:32:51,929[TestNG-tests-1]On Test Start testDiscountSystemPageIsDisplayed
2020-05-20 13:32:56,103[TestNG-tests-1]On Test Success testDiscountSystemPageIsDisplayed
2020-05-20 13:32:56,104[TestNG-tests-1]On Test Success testDiscountSystemPageIsDisplayed
2020-05-20 13:32:56,104[TestNG-tests-1]On Test Start testLoginWindowIsDisplayed
2020-05-20 13:32:56,104[TestNG-tests-1]On Test Start testLoginWindowIsDisplayed
2020-05-20 13:32:57,983[TestNG-tests-1]On Test Success testLoginWindowIsDisplayed
2020-05-20 13:32:57,984[TestNG-tests-1]On Test Success testLoginWindowIsDisplayed
2020-05-20 13:32:57,986[TestNG-tests-1]On Test Start testPaymentPageIsDisplayed
2020-05-20 13:32:57,987[TestNG-tests-1]On Test Start testPaymentPageIsDisplayed
2020-05-20 13:33:01,751[TestNG-tests-1]On Test Success testPaymentPageIsDisplayed
2020-05-20 13:33:01,752[TestNG-tests-1]On Test Success testPaymentPageIsDisplayed
2020-05-20 13:33:01,753[TestNG-tests-1]On Test Start testWarrantyPageIsDisplayed
2020-05-20 13:33:01,754[TestNG-tests-1]On Test Start testWarrantyPageIsDisplayed
2020-05-20 13:33:05,597[TestNG-tests-1]On Test Success testWarrantyPageIsDisplayed
2020-05-20 13:33:05,597[TestNG-tests-1]On Test Success testWarrantyPageIsDisplayed
2020-05-20 13:33:05,598[TestNG-tests-1]On Test Start testWishListPageIsDisplayed
2020-05-20 13:33:05,599[TestNG-tests-1]On Test Start testWishListPageIsDisplayed
2020-05-20 13:33:09,456[TestNG-tests-1]On Test Success testWishListPageIsDisplayed
2020-05-20 13:33:09,457[TestNG-tests-1]On Test Success testWishListPageIsDisplayed
2020-05-20 13:33:21,687[TestNG-tests-1]On Test Start testFacrotyChromeDriver
2020-05-20 13:33:21,690[TestNG-tests-1]On Test Start testFacrotyChromeDriver
2020-05-20 13:33:41,214[TestNG-tests-1]On Test Success testFacrotyChromeDriver
2020-05-20 13:33:41,214[TestNG-tests-1]On Test Success testFacrotyChromeDriver
2020-05-20 13:33:46,311[TestNG-tests-1]On Test Start testLoginOption
2020-05-20 13:33:46,311[TestNG-tests-1]On Test Start testLoginOption
2020-05-20 13:33:46,313[TestNG-tests-1]Check out file's path
2020-05-20 13:33:46,313[TestNG-tests-1]Check out file's path
2020-05-20 13:33:57,734[TestNG-tests-1]Check out file's path
2020-05-20 13:33:57,880[TestNG-tests-1]Check out file's path
2020-05-20 13:33:57,974[TestNG-tests-1]Check out file's path
2020-05-20 13:33:57,975[TestNG-tests-1]Useris successfully logged in 
2020-05-20 13:33:58,015[TestNG-tests-1]On Test Failed testLoginOption
2020-05-20 13:33:58,760[TestNG-tests-1]On Test Failed testLoginOption
2020-05-20 13:34:05,378[TestNG-tests-1]On Test Start testAdditionProductToCard
2020-05-20 13:34:05,378[TestNG-tests-1]On Test Start testAdditionProductToCard
2020-05-20 13:34:32,163[TestNG-tests-1]On Test Success testAdditionProductToCard
2020-05-20 13:34:32,164[TestNG-tests-1]On Test Success testAdditionProductToCard
2020-05-20 13:34:38,469[TestNG-tests-1]On Test Start testProductAdditionToTheList
2020-05-20 13:34:38,469[TestNG-tests-1]On Test Start testProductAdditionToTheList
2020-05-20 13:35:02,291[TestNG-tests-1]On Test Success testProductAdditionToTheList
2020-05-20 13:35:02,291[TestNG-tests-1]On Test Success testProductAdditionToTheList
2020-05-20 13:35:08,882[TestNG-tests-1]On Test Start testBasketPageIsDisplayed
2020-05-20 13:35:08,883[TestNG-tests-1]On Test Start testBasketPageIsDisplayed
2020-05-20 13:35:37,345[TestNG-tests-1]On Test Success testBasketPageIsDisplayed
2020-05-20 13:35:37,345[TestNG-tests-1]On Test Success testBasketPageIsDisplayed
2020-05-20 13:35:37,346[TestNG-tests-1]On Test Start testBookmarksPageIsDisplayed
2020-05-20 13:35:37,346[TestNG-tests-1]On Test Start testBookmarksPageIsDisplayed
2020-05-20 13:35:40,507[TestNG-tests-1]On Test Success testBookmarksPageIsDisplayed
2020-05-20 13:35:40,507[TestNG-tests-1]On Test Success testBookmarksPageIsDisplayed
2020-05-20 13:35:40,508[TestNG-tests-1]On Test Start testComparasionListPageIsDisplayed
2020-05-20 13:35:40,508[TestNG-tests-1]On Test Start testComparasionListPageIsDisplayed
2020-05-20 13:35:43,469[TestNG-tests-1]On Test Success testComparasionListPageIsDisplayed
2020-05-20 13:35:43,469[TestNG-tests-1]On Test Success testComparasionListPageIsDisplayed
2020-05-20 13:35:43,469[TestNG-tests-1]On Test Start testDeliveryPageIsDisplayed
2020-05-20 13:35:43,470[TestNG-tests-1]On Test Start testDeliveryPageIsDisplayed
2020-05-20 13:35:52,403[TestNG-tests-1]On Test Success testDeliveryPageIsDisplayed
2020-05-20 13:35:52,403[TestNG-tests-1]On Test Success testDeliveryPageIsDisplayed
2020-05-20 13:35:52,404[TestNG-tests-1]On Test Start testDiscountSystemPageIsDisplayed
2020-05-20 13:35:52,404[TestNG-tests-1]On Test Start testDiscountSystemPageIsDisplayed
2020-05-20 13:35:57,308[TestNG-tests-1]On Test Success testDiscountSystemPageIsDisplayed
2020-05-20 13:35:57,308[TestNG-tests-1]On Test Success testDiscountSystemPageIsDisplayed
2020-05-20 13:35:57,308[TestNG-tests-1]On Test Start testLoginWindowIsDisplayed
2020-05-20 13:35:57,309[TestNG-tests-1]On Test Start testLoginWindowIsDisplayed
2020-05-20 13:35:59,439[TestNG-tests-1]On Test Success testLoginWindowIsDisplayed
2020-05-20 13:35:59,439[TestNG-tests-1]On Test Success testLoginWindowIsDisplayed
2020-05-20 13:35:59,440[TestNG-tests-1]On Test Start testPaymentPageIsDisplayed
2020-05-20 13:35:59,440[TestNG-tests-1]On Test Start testPaymentPageIsDisplayed
2020-05-20 13:36:03,170[TestNG-tests-1]On Test Success testPaymentPageIsDisplayed
2020-05-20 13:36:03,170[TestNG-tests-1]On Test Success testPaymentPageIsDisplayed
2020-05-20 13:36:03,171[TestNG-tests-1]On Test Start testWarrantyPageIsDisplayed
2020-05-20 13:36:03,171[TestNG-tests-1]On Test Start testWarrantyPageIsDisplayed
2020-05-20 13:36:07,141[TestNG-tests-1]On Test Success testWarrantyPageIsDisplayed
2020-05-20 13:36:07,141[TestNG-tests-1]On Test Success testWarrantyPageIsDisplayed
2020-05-20 13:36:07,142[TestNG-tests-1]On Test Start testWishListPageIsDisplayed
2020-05-20 13:36:07,142[TestNG-tests-1]On Test Start testWishListPageIsDisplayed
2020-05-20 13:36:09,240[TestNG-tests-1]On Test Success testWishListPageIsDisplayed
2020-05-20 13:36:09,241[TestNG-tests-1]On Test Success testWishListPageIsDisplayed
2020-05-20 13:36:15,281[TestNG-tests-1]On Test Start testChooseProductFromCatalog
2020-05-20 13:36:15,281[TestNG-tests-1]On Test Start testChooseProductFromCatalog
2020-05-20 13:36:59,657[TestNG-tests-1]On Test Success testChooseProductFromCatalog
2020-05-20 13:36:59,657[TestNG-tests-1]On Test Success testChooseProductFromCatalog
2020-05-20 13:37:05,589[TestNG-tests-1]On Test Start testBasketPageIsDisplayed
2020-05-20 13:37:05,590[TestNG-tests-1]On Test Start testBasketPageIsDisplayed
2020-05-20 13:37:26,265[TestNG-tests-1]On Test Success testBasketPageIsDisplayed
2020-05-20 13:37:26,265[TestNG-tests-1]On Test Success testBasketPageIsDisplayed
2020-05-20 13:37:26,266[TestNG-tests-1]On Test Start testBookmarksPageIsDisplayed
2020-05-20 13:37:26,266[TestNG-tests-1]On Test Start testBookmarksPageIsDisplayed
2020-05-20 13:37:29,511[TestNG-tests-1]On Test Success testBookmarksPageIsDisplayed
2020-05-20 13:37:29,511[TestNG-tests-1]On Test Success testBookmarksPageIsDisplayed
2020-05-20 13:37:29,512[TestNG-tests-1]On Test Start testComparasionListPageIsDisplayed
2020-05-20 13:37:29,512[TestNG-tests-1]On Test Start testComparasionListPageIsDisplayed
2020-05-20 13:37:32,043[TestNG-tests-1]On Test Success testComparasionListPageIsDisplayed
2020-05-20 13:37:32,043[TestNG-tests-1]On Test Success testComparasionListPageIsDisplayed
2020-05-20 13:37:32,044[TestNG-tests-1]On Test Start testDeliveryPageIsDisplayed
2020-05-20 13:37:32,044[TestNG-tests-1]On Test Start testDeliveryPageIsDisplayed
2020-05-20 13:37:35,987[TestNG-tests-1]On Test Success testDeliveryPageIsDisplayed
2020-05-20 13:37:35,988[TestNG-tests-1]On Test Success testDeliveryPageIsDisplayed
2020-05-20 13:37:35,988[TestNG-tests-1]On Test Start testDiscountSystemPageIsDisplayed
2020-05-20 13:37:35,988[TestNG-tests-1]On Test Start testDiscountSystemPageIsDisplayed
2020-05-20 13:37:38,545[TestNG-tests-1]On Test Success testDiscountSystemPageIsDisplayed
2020-05-20 13:37:38,546[TestNG-tests-1]On Test Success testDiscountSystemPageIsDisplayed
2020-05-20 13:37:38,546[TestNG-tests-1]On Test Start testLoginWindowIsDisplayed
2020-05-20 13:37:38,546[TestNG-tests-1]On Test Start testLoginWindowIsDisplayed
2020-05-20 13:37:41,156[TestNG-tests-1]On Test Success testLoginWindowIsDisplayed
2020-05-20 13:37:41,156[TestNG-tests-1]On Test Success testLoginWindowIsDisplayed
2020-05-20 13:37:41,157[TestNG-tests-1]On Test Start testPaymentPageIsDisplayed
2020-05-20 13:37:41,157[TestNG-tests-1]On Test Start testPaymentPageIsDisplayed
2020-05-20 13:37:44,032[TestNG-tests-1]On Test Success testPaymentPageIsDisplayed
2020-05-20 13:37:44,032[TestNG-tests-1]On Test Success testPaymentPageIsDisplayed
2020-05-20 13:37:44,032[TestNG-tests-1]On Test Start testWarrantyPageIsDisplayed
2020-05-20 13:37:44,032[TestNG-tests-1]On Test Start testWarrantyPageIsDisplayed
2020-05-20 13:37:47,484[TestNG-tests-1]On Test Success testWarrantyPageIsDisplayed
2020-05-20 13:37:47,484[TestNG-tests-1]On Test Success testWarrantyPageIsDisplayed
2020-05-20 13:37:47,484[TestNG-tests-1]On Test Start testWishListPageIsDisplayed
2020-05-20 13:37:47,484[TestNG-tests-1]On Test Start testWishListPageIsDisplayed
2020-05-20 13:37:50,379[TestNG-tests-1]On Test Success testWishListPageIsDisplayed
2020-05-20 13:37:50,379[TestNG-tests-1]On Test Success testWishListPageIsDisplayed
2020-05-20 13:57:32,396[TestNG-tests-1]On Test Start testFacrotyChromeDriver
2020-05-20 13:58:01,245[TestNG-tests-1]On Test Success testFacrotyChromeDriver
2020-05-20 13:58:06,414[TestNG-tests-1]On Test Start testBasketPageIsDisplayed
2020-05-20 13:58:06,415[TestNG-tests-1]On Test Start testBasketPageIsDisplayed
2020-05-20 13:58:34,165[TestNG-tests-1]On Test Success testBasketPageIsDisplayed
2020-05-20 13:58:34,165[TestNG-tests-1]On Test Success testBasketPageIsDisplayed
2020-05-20 13:58:34,166[TestNG-tests-1]On Test Start testBookmarksPageIsDisplayed
2020-05-20 13:58:34,166[TestNG-tests-1]On Test Start testBookmarksPageIsDisplayed
2020-05-20 13:58:39,434[TestNG-tests-1]On Test Success testBookmarksPageIsDisplayed
2020-05-20 13:58:39,435[TestNG-tests-1]On Test Success testBookmarksPageIsDisplayed
2020-05-20 13:58:39,435[TestNG-tests-1]On Test Start testComparasionListPageIsDisplayed
2020-05-20 13:58:39,435[TestNG-tests-1]On Test Start testComparasionListPageIsDisplayed
2020-05-20 13:58:43,151[TestNG-tests-1]On Test Success testComparasionListPageIsDisplayed
2020-05-20 13:58:43,151[TestNG-tests-1]On Test Success testComparasionListPageIsDisplayed
2020-05-20 13:58:43,151[TestNG-tests-1]On Test Start testDeliveryPageIsDisplayed
2020-05-20 13:58:43,151[TestNG-tests-1]On Test Start testDeliveryPageIsDisplayed
2020-05-20 13:58:46,264[TestNG-tests-1]On Test Success testDeliveryPageIsDisplayed
2020-05-20 13:58:46,264[TestNG-tests-1]On Test Success testDeliveryPageIsDisplayed
2020-05-20 13:58:46,265[TestNG-tests-1]On Test Start testDiscountSystemPageIsDisplayed
2020-05-20 13:58:46,265[TestNG-tests-1]On Test Start testDiscountSystemPageIsDisplayed
2020-05-20 13:58:48,894[TestNG-tests-1]On Test Success testDiscountSystemPageIsDisplayed
2020-05-20 13:58:48,894[TestNG-tests-1]On Test Success testDiscountSystemPageIsDisplayed
2020-05-20 13:58:48,894[TestNG-tests-1]On Test Start testLoginWindowIsDisplayed
2020-05-20 13:58:48,894[TestNG-tests-1]On Test Start testLoginWindowIsDisplayed
2020-05-20 13:58:50,392[TestNG-tests-1]On Test Success testLoginWindowIsDisplayed
2020-05-20 13:58:50,392[TestNG-tests-1]On Test Success testLoginWindowIsDisplayed
2020-05-20 13:58:50,393[TestNG-tests-1]On Test Start testPaymentPageIsDisplayed
2020-05-20 13:58:50,393[TestNG-tests-1]On Test Start testPaymentPageIsDisplayed
2020-05-20 13:58:53,352[TestNG-tests-1]On Test Success testPaymentPageIsDisplayed
2020-05-20 13:58:53,353[TestNG-tests-1]On Test Success testPaymentPageIsDisplayed
2020-05-20 13:58:53,353[TestNG-tests-1]On Test Start testWarrantyPageIsDisplayed
2020-05-20 13:58:53,353[TestNG-tests-1]On Test Start testWarrantyPageIsDisplayed
2020-05-20 13:58:56,676[TestNG-tests-1]On Test Success testWarrantyPageIsDisplayed
2020-05-20 13:58:56,676[TestNG-tests-1]On Test Success testWarrantyPageIsDisplayed
2020-05-20 13:58:56,677[TestNG-tests-1]On Test Start testWishListPageIsDisplayed
2020-05-20 13:58:56,677[TestNG-tests-1]On Test Start testWishListPageIsDisplayed
2020-05-20 13:58:59,510[TestNG-tests-1]On Test Success testWishListPageIsDisplayed
2020-05-20 13:58:59,510[TestNG-tests-1]On Test Success testWishListPageIsDisplayed
2020-05-20 13:59:19,169[TestNG-tests-1]On Test Start testFacrotyChromeDriver
2020-05-20 13:59:46,006[TestNG-tests-1]On Test Success testFacrotyChromeDriver
2020-05-20 13:59:51,093[TestNG-tests-1]On Test Start testBasketPageIsDisplayed
2020-05-20 13:59:51,094[TestNG-tests-1]On Test Start testBasketPageIsDisplayed
2020-05-20 14:00:15,150[TestNG-tests-1]On Test Success testBasketPageIsDisplayed
2020-05-20 14:00:15,150[TestNG-tests-1]On Test Success testBasketPageIsDisplayed
2020-05-20 14:00:15,151[TestNG-tests-1]On Test Start testBookmarksPageIsDisplayed
2020-05-20 14:00:15,151[TestNG-tests-1]On Test Start testBookmarksPageIsDisplayed
2020-05-20 14:00:18,237[TestNG-tests-1]On Test Success testBookmarksPageIsDisplayed
2020-05-20 14:00:18,237[TestNG-tests-1]On Test Success testBookmarksPageIsDisplayed
2020-05-20 14:00:18,238[TestNG-tests-1]On Test Start testComparasionListPageIsDisplayed
2020-05-20 14:00:18,238[TestNG-tests-1]On Test Start testComparasionListPageIsDisplayed
2020-05-20 14:00:21,609[TestNG-tests-1]On Test Success testComparasionListPageIsDisplayed
2020-05-20 14:00:21,609[TestNG-tests-1]On Test Success testComparasionListPageIsDisplayed
2020-05-20 14:00:21,610[TestNG-tests-1]On Test Start testDeliveryPageIsDisplayed
2020-05-20 14:00:21,610[TestNG-tests-1]On Test Start testDeliveryPageIsDisplayed
2020-05-20 14:00:24,090[TestNG-tests-1]On Test Success testDeliveryPageIsDisplayed
2020-05-20 14:00:24,090[TestNG-tests-1]On Test Success testDeliveryPageIsDisplayed
2020-05-20 14:00:24,091[TestNG-tests-1]On Test Start testDiscountSystemPageIsDisplayed
2020-05-20 14:00:24,091[TestNG-tests-1]On Test Start testDiscountSystemPageIsDisplayed
2020-05-20 14:00:26,724[TestNG-tests-1]On Test Success testDiscountSystemPageIsDisplayed
2020-05-20 14:00:26,724[TestNG-tests-1]On Test Success testDiscountSystemPageIsDisplayed
2020-05-20 14:00:26,724[TestNG-tests-1]On Test Start testLoginWindowIsDisplayed
2020-05-20 14:00:26,724[TestNG-tests-1]On Test Start testLoginWindowIsDisplayed
2020-05-20 14:00:29,265[TestNG-tests-1]On Test Success testLoginWindowIsDisplayed
2020-05-20 14:00:29,266[TestNG-tests-1]On Test Success testLoginWindowIsDisplayed
2020-05-20 14:00:29,267[TestNG-tests-1]On Test Start testPaymentPageIsDisplayed
2020-05-20 14:00:29,267[TestNG-tests-1]On Test Start testPaymentPageIsDisplayed
2020-05-20 14:00:32,651[TestNG-tests-1]On Test Success testPaymentPageIsDisplayed
2020-05-20 14:00:32,652[TestNG-tests-1]On Test Success testPaymentPageIsDisplayed
2020-05-20 14:00:32,652[TestNG-tests-1]On Test Start testWarrantyPageIsDisplayed
2020-05-20 14:00:32,652[TestNG-tests-1]On Test Start testWarrantyPageIsDisplayed
2020-05-20 14:00:35,795[TestNG-tests-1]On Test Success testWarrantyPageIsDisplayed
2020-05-20 14:00:35,795[TestNG-tests-1]On Test Success testWarrantyPageIsDisplayed
2020-05-20 14:00:35,796[TestNG-tests-1]On Test Start testWishListPageIsDisplayed
2020-05-20 14:00:35,796[TestNG-tests-1]On Test Start testWishListPageIsDisplayed
2020-05-20 14:00:39,215[TestNG-tests-1]On Test Success testWishListPageIsDisplayed
2020-05-20 14:00:39,215[TestNG-tests-1]On Test Success testWishListPageIsDisplayed
2020-05-20 14:01:15,156[TestNG-tests-1]On Test Start testFacrotyChromeDriver
2020-05-20 14:01:37,331[TestNG-tests-1]On Test Success testFacrotyChromeDriver
2020-05-20 14:01:37,332[TestNG-tests-1]On Test Start testCustomDriver
2020-05-20 14:02:01,530[TestNG-tests-1]On Test Success testCustomDriver
2020-05-20 14:02:06,663[TestNG-tests-1]On Test Start testBasketPageIsDisplayed
2020-05-20 14:02:06,663[TestNG-tests-1]On Test Start testBasketPageIsDisplayed
2020-05-20 14:02:29,049[TestNG-tests-1]On Test Success testBasketPageIsDisplayed
2020-05-20 14:02:29,049[TestNG-tests-1]On Test Success testBasketPageIsDisplayed
2020-05-20 14:02:29,050[TestNG-tests-1]On Test Start testBookmarksPageIsDisplayed
2020-05-20 14:02:29,050[TestNG-tests-1]On Test Start testBookmarksPageIsDisplayed
2020-05-20 14:02:31,829[TestNG-tests-1]On Test Success testBookmarksPageIsDisplayed
2020-05-20 14:02:31,829[TestNG-tests-1]On Test Success testBookmarksPageIsDisplayed
2020-05-20 14:02:31,830[TestNG-tests-1]On Test Start testComparasionListPageIsDisplayed
2020-05-20 14:02:31,830[TestNG-tests-1]On Test Start testComparasionListPageIsDisplayed
2020-05-20 14:02:35,152[TestNG-tests-1]On Test Success testComparasionListPageIsDisplayed
2020-05-20 14:02:35,152[TestNG-tests-1]On Test Success testComparasionListPageIsDisplayed
2020-05-20 14:02:35,153[TestNG-tests-1]On Test Start testDeliveryPageIsDisplayed
2020-05-20 14:02:35,153[TestNG-tests-1]On Test Start testDeliveryPageIsDisplayed
2020-05-20 14:02:37,613[TestNG-tests-1]On Test Success testDeliveryPageIsDisplayed
2020-05-20 14:02:37,613[TestNG-tests-1]On Test Success testDeliveryPageIsDisplayed
2020-05-20 14:02:37,614[TestNG-tests-1]On Test Start testDiscountSystemPageIsDisplayed
2020-05-20 14:02:37,614[TestNG-tests-1]On Test Start testDiscountSystemPageIsDisplayed
2020-05-20 14:02:40,030[TestNG-tests-1]On Test Success testDiscountSystemPageIsDisplayed
2020-05-20 14:02:40,030[TestNG-tests-1]On Test Success testDiscountSystemPageIsDisplayed
2020-05-20 14:02:40,030[TestNG-tests-1]On Test Start testLoginWindowIsDisplayed
2020-05-20 14:02:40,031[TestNG-tests-1]On Test Start testLoginWindowIsDisplayed
2020-05-20 14:02:41,950[TestNG-tests-1]On Test Success testLoginWindowIsDisplayed
2020-05-20 14:02:41,950[TestNG-tests-1]On Test Success testLoginWindowIsDisplayed
2020-05-20 14:02:41,951[TestNG-tests-1]On Test Start testPaymentPageIsDisplayed
2020-05-20 14:02:41,951[TestNG-tests-1]On Test Start testPaymentPageIsDisplayed
2020-05-20 14:02:45,069[TestNG-tests-1]On Test Success testPaymentPageIsDisplayed
2020-05-20 14:02:45,069[TestNG-tests-1]On Test Success testPaymentPageIsDisplayed
2020-05-20 14:02:45,069[TestNG-tests-1]On Test Start testWarrantyPageIsDisplayed
2020-05-20 14:02:45,070[TestNG-tests-1]On Test Start testWarrantyPageIsDisplayed
2020-05-20 14:02:48,560[TestNG-tests-1]On Test Success testWarrantyPageIsDisplayed
2020-05-20 14:02:48,560[TestNG-tests-1]On Test Success testWarrantyPageIsDisplayed
2020-05-20 14:02:48,561[TestNG-tests-1]On Test Start testWishListPageIsDisplayed
2020-05-20 14:02:48,561[TestNG-tests-1]On Test Start testWishListPageIsDisplayed
2020-05-20 14:02:51,316[TestNG-tests-1]On Test Success testWishListPageIsDisplayed
2020-05-20 14:02:51,317[TestNG-tests-1]On Test Success testWishListPageIsDisplayed
2020-05-20 14:03:46,903[TestNG-tests-1]On Test Start testFacrotyChromeDriver
2020-05-20 14:03:46,906[TestNG-tests-1]On Test Start testFacrotyChromeDriver
2020-05-20 14:04:11,391[TestNG-tests-1]On Test Success testFacrotyChromeDriver
2020-05-20 14:04:11,391[TestNG-tests-1]On Test Success testFacrotyChromeDriver
2020-05-20 14:04:11,392[TestNG-tests-1]On Test Start testCustomDriver
2020-05-20 14:04:11,392[TestNG-tests-1]On Test Start testCustomDriver
2020-05-20 14:04:38,403[TestNG-tests-1]On Test Success testCustomDriver
2020-05-20 14:04:38,403[TestNG-tests-1]On Test Success testCustomDriver
2020-05-20 14:04:43,481[TestNG-tests-1]On Test Start testLoginOption
2020-05-20 14:04:43,481[TestNG-tests-1]On Test Start testLoginOption
2020-05-20 14:04:43,482[TestNG-tests-1]Check out file's path
2020-05-20 14:04:43,482[TestNG-tests-1]Check out file's path
2020-05-20 14:05:04,290[TestNG-tests-1]Check out file's path
2020-05-20 14:05:04,391[TestNG-tests-1]Check out file's path
2020-05-20 14:05:04,461[TestNG-tests-1]Check out file's path
2020-05-20 14:05:04,461[TestNG-tests-1]Useris successfully logged in 
2020-05-20 14:05:04,488[TestNG-tests-1]On Test Failed testLoginOption
2020-05-20 14:05:05,127[TestNG-tests-1]On Test Failed testLoginOption
2020-05-20 14:05:11,348[TestNG-tests-1]On Test Start testAdditionProductToCard
2020-05-20 14:05:11,348[TestNG-tests-1]On Test Start testAdditionProductToCard
2020-05-20 14:05:32,850[TestNG-tests-1]On Test Success testAdditionProductToCard
2020-05-20 14:05:32,850[TestNG-tests-1]On Test Success testAdditionProductToCard
2020-05-20 14:05:38,688[TestNG-tests-1]On Test Start testProductAdditionToTheList
2020-05-20 14:05:38,688[TestNG-tests-1]On Test Start testProductAdditionToTheList
2020-05-20 14:06:06,900[TestNG-tests-1]On Test Success testProductAdditionToTheList
2020-05-20 14:06:06,900[TestNG-tests-1]On Test Success testProductAdditionToTheList
2020-05-20 14:06:12,792[TestNG-tests-1]On Test Start testBasketPageIsDisplayed
2020-05-20 14:06:12,793[TestNG-tests-1]On Test Start testBasketPageIsDisplayed
2020-05-20 14:06:34,504[TestNG-tests-1]On Test Success testBasketPageIsDisplayed
2020-05-20 14:06:34,504[TestNG-tests-1]On Test Success testBasketPageIsDisplayed
2020-05-20 14:06:34,505[TestNG-tests-1]On Test Start testBookmarksPageIsDisplayed
2020-05-20 14:06:34,506[TestNG-tests-1]On Test Start testBookmarksPageIsDisplayed
2020-05-20 14:06:38,252[TestNG-tests-1]On Test Success testBookmarksPageIsDisplayed
2020-05-20 14:06:38,253[TestNG-tests-1]On Test Success testBookmarksPageIsDisplayed
2020-05-20 14:06:38,253[TestNG-tests-1]On Test Start testComparasionListPageIsDisplayed
2020-05-20 14:06:38,253[TestNG-tests-1]On Test Start testComparasionListPageIsDisplayed
2020-05-20 14:06:41,186[TestNG-tests-1]On Test Success testComparasionListPageIsDisplayed
2020-05-20 14:06:41,186[TestNG-tests-1]On Test Success testComparasionListPageIsDisplayed
2020-05-20 14:06:41,187[TestNG-tests-1]On Test Start testDeliveryPageIsDisplayed
2020-05-20 14:06:41,187[TestNG-tests-1]On Test Start testDeliveryPageIsDisplayed
2020-05-20 14:06:44,606[TestNG-tests-1]On Test Success testDeliveryPageIsDisplayed
2020-05-20 14:06:44,606[TestNG-tests-1]On Test Success testDeliveryPageIsDisplayed
2020-05-20 14:06:44,606[TestNG-tests-1]On Test Start testDiscountSystemPageIsDisplayed
2020-05-20 14:06:44,606[TestNG-tests-1]On Test Start testDiscountSystemPageIsDisplayed
2020-05-20 14:06:48,082[TestNG-tests-1]On Test Success testDiscountSystemPageIsDisplayed
2020-05-20 14:06:48,083[TestNG-tests-1]On Test Success testDiscountSystemPageIsDisplayed
2020-05-20 14:06:48,083[TestNG-tests-1]On Test Start testLoginWindowIsDisplayed
2020-05-20 14:06:48,083[TestNG-tests-1]On Test Start testLoginWindowIsDisplayed
2020-05-20 14:06:49,647[TestNG-tests-1]On Test Success testLoginWindowIsDisplayed
2020-05-20 14:06:49,647[TestNG-tests-1]On Test Success testLoginWindowIsDisplayed
2020-05-20 14:06:49,648[TestNG-tests-1]On Test Start testPaymentPageIsDisplayed
2020-05-20 14:06:49,648[TestNG-tests-1]On Test Start testPaymentPageIsDisplayed
2020-05-20 14:06:54,154[TestNG-tests-1]On Test Success testPaymentPageIsDisplayed
2020-05-20 14:06:54,155[TestNG-tests-1]On Test Success testPaymentPageIsDisplayed
2020-05-20 14:06:54,155[TestNG-tests-1]On Test Start testWarrantyPageIsDisplayed
2020-05-20 14:06:54,155[TestNG-tests-1]On Test Start testWarrantyPageIsDisplayed
2020-05-20 14:06:56,592[TestNG-tests-1]On Test Success testWarrantyPageIsDisplayed
2020-05-20 14:06:56,593[TestNG-tests-1]On Test Success testWarrantyPageIsDisplayed
2020-05-20 14:06:56,593[TestNG-tests-1]On Test Start testWishListPageIsDisplayed
2020-05-20 14:06:56,593[TestNG-tests-1]On Test Start testWishListPageIsDisplayed
2020-05-20 14:06:58,840[TestNG-tests-1]On Test Success testWishListPageIsDisplayed
2020-05-20 14:06:58,840[TestNG-tests-1]On Test Success testWishListPageIsDisplayed
2020-05-20 14:07:04,687[TestNG-tests-1]On Test Start testChooseProductFromCatalog
2020-05-20 14:07:04,688[TestNG-tests-1]On Test Start testChooseProductFromCatalog
2020-05-20 14:07:37,340[TestNG-tests-1]On Test Success testChooseProductFromCatalog
2020-05-20 14:07:37,340[TestNG-tests-1]On Test Success testChooseProductFromCatalog
2020-05-20 14:07:43,198[TestNG-tests-1]On Test Start testBasketPageIsDisplayed
2020-05-20 14:07:43,199[TestNG-tests-1]On Test Start testBasketPageIsDisplayed
2020-05-20 14:08:05,254[TestNG-tests-1]On Test Success testBasketPageIsDisplayed
2020-05-20 14:08:05,254[TestNG-tests-1]On Test Success testBasketPageIsDisplayed
2020-05-20 14:08:05,255[TestNG-tests-1]On Test Start testBookmarksPageIsDisplayed
2020-05-20 14:08:05,255[TestNG-tests-1]On Test Start testBookmarksPageIsDisplayed
2020-05-20 14:08:08,448[TestNG-tests-1]On Test Success testBookmarksPageIsDisplayed
2020-05-20 14:08:08,448[TestNG-tests-1]On Test Success testBookmarksPageIsDisplayed
2020-05-20 14:08:08,449[TestNG-tests-1]On Test Start testComparasionListPageIsDisplayed
2020-05-20 14:08:08,449[TestNG-tests-1]On Test Start testComparasionListPageIsDisplayed
2020-05-20 14:08:10,869[TestNG-tests-1]On Test Success testComparasionListPageIsDisplayed
2020-05-20 14:08:10,870[TestNG-tests-1]On Test Success testComparasionListPageIsDisplayed
2020-05-20 14:08:10,870[TestNG-tests-1]On Test Start testDeliveryPageIsDisplayed
2020-05-20 14:08:10,870[TestNG-tests-1]On Test Start testDeliveryPageIsDisplayed
2020-05-20 14:08:13,800[TestNG-tests-1]On Test Success testDeliveryPageIsDisplayed
2020-05-20 14:08:13,800[TestNG-tests-1]On Test Success testDeliveryPageIsDisplayed
2020-05-20 14:08:13,801[TestNG-tests-1]On Test Start testDiscountSystemPageIsDisplayed
2020-05-20 14:08:13,801[TestNG-tests-1]On Test Start testDiscountSystemPageIsDisplayed
2020-05-20 14:08:17,518[TestNG-tests-1]On Test Success testDiscountSystemPageIsDisplayed
2020-05-20 14:08:17,518[TestNG-tests-1]On Test Success testDiscountSystemPageIsDisplayed
2020-05-20 14:08:17,519[TestNG-tests-1]On Test Start testLoginWindowIsDisplayed
2020-05-20 14:08:17,519[TestNG-tests-1]On Test Start testLoginWindowIsDisplayed
2020-05-20 14:08:20,144[TestNG-tests-1]On Test Success testLoginWindowIsDisplayed
2020-05-20 14:08:20,144[TestNG-tests-1]On Test Success testLoginWindowIsDisplayed
2020-05-20 14:08:20,145[TestNG-tests-1]On Test Start testPaymentPageIsDisplayed
2020-05-20 14:08:20,145[TestNG-tests-1]On Test Start testPaymentPageIsDisplayed
2020-05-20 14:08:22,807[TestNG-tests-1]On Test Success testPaymentPageIsDisplayed
2020-05-20 14:08:22,808[TestNG-tests-1]On Test Success testPaymentPageIsDisplayed
2020-05-20 14:08:22,808[TestNG-tests-1]On Test Start testWarrantyPageIsDisplayed
2020-05-20 14:08:22,808[TestNG-tests-1]On Test Start testWarrantyPageIsDisplayed
2020-05-20 14:08:25,202[TestNG-tests-1]On Test Success testWarrantyPageIsDisplayed
2020-05-20 14:08:25,202[TestNG-tests-1]On Test Success testWarrantyPageIsDisplayed
2020-05-20 14:08:25,203[TestNG-tests-1]On Test Start testWishListPageIsDisplayed
2020-05-20 14:08:25,203[TestNG-tests-1]On Test Start testWishListPageIsDisplayed
2020-05-20 14:08:29,192[TestNG-tests-1]On Test Success testWishListPageIsDisplayed
2020-05-20 14:08:29,192[TestNG-tests-1]On Test Success testWishListPageIsDisplayed
2020-05-20 14:13:03,020[TestNG-tests-1]On Test Start testFacrotyChromeDriver
2020-05-20 14:13:03,023[TestNG-tests-1]On Test Start testFacrotyChromeDriver
2020-05-20 14:13:26,891[TestNG-tests-1]On Test Success testFacrotyChromeDriver
2020-05-20 14:13:26,891[TestNG-tests-1]On Test Success testFacrotyChromeDriver
2020-05-20 14:13:26,891[TestNG-tests-1]On Test Start testCustomDriver
2020-05-20 14:13:26,891[TestNG-tests-1]On Test Start testCustomDriver
2020-05-20 14:13:53,674[TestNG-tests-1]On Test Success testCustomDriver
2020-05-20 14:13:53,674[TestNG-tests-1]On Test Success testCustomDriver
2020-05-20 14:13:58,772[TestNG-tests-1]On Test Start testLoginOption
2020-05-20 14:13:58,772[TestNG-tests-1]On Test Start testLoginOption
2020-05-20 14:13:58,774[TestNG-tests-1]Check out file's path
2020-05-20 14:13:58,775[TestNG-tests-1]Check out file's path
2020-05-20 14:14:21,984[TestNG-tests-1]Check out file's path
2020-05-20 14:14:22,097[TestNG-tests-1]Check out file's path
2020-05-20 14:14:22,172[TestNG-tests-1]Check out file's path
2020-05-20 14:14:22,173[TestNG-tests-1]Useris successfully logged in 
2020-05-20 14:14:22,203[TestNG-tests-1]On Test Failed testLoginOption
2020-05-20 14:14:22,876[TestNG-tests-1]On Test Failed testLoginOption
2020-05-20 14:14:29,224[TestNG-tests-1]On Test Start testAdditionProductToCard
2020-05-20 14:14:29,225[TestNG-tests-1]On Test Start testAdditionProductToCard
2020-05-20 14:14:51,265[TestNG-tests-1]On Test Success testAdditionProductToCard
2020-05-20 14:14:51,265[TestNG-tests-1]On Test Success testAdditionProductToCard
2020-05-20 14:14:57,218[TestNG-tests-1]On Test Start testProductAdditionToTheList
2020-05-20 14:14:57,218[TestNG-tests-1]On Test Start testProductAdditionToTheList
2020-05-20 14:15:24,684[TestNG-tests-1]On Test Success testProductAdditionToTheList
2020-05-20 14:15:24,685[TestNG-tests-1]On Test Success testProductAdditionToTheList
2020-05-20 14:15:30,517[TestNG-tests-1]On Test Start testBasketPageIsDisplayed
2020-05-20 14:15:30,518[TestNG-tests-1]On Test Start testBasketPageIsDisplayed
2020-05-20 14:15:51,734[TestNG-tests-1]On Test Success testBasketPageIsDisplayed
2020-05-20 14:15:51,734[TestNG-tests-1]On Test Success testBasketPageIsDisplayed
2020-05-20 14:15:51,734[TestNG-tests-1]On Test Start testBookmarksPageIsDisplayed
2020-05-20 14:15:51,734[TestNG-tests-1]On Test Start testBookmarksPageIsDisplayed
2020-05-20 14:15:54,160[TestNG-tests-1]On Test Success testBookmarksPageIsDisplayed
2020-05-20 14:15:54,160[TestNG-tests-1]On Test Success testBookmarksPageIsDisplayed
2020-05-20 14:15:54,161[TestNG-tests-1]On Test Start testComparasionListPageIsDisplayed
2020-05-20 14:15:54,161[TestNG-tests-1]On Test Start testComparasionListPageIsDisplayed
2020-05-20 14:15:56,764[TestNG-tests-1]On Test Success testComparasionListPageIsDisplayed
2020-05-20 14:15:56,764[TestNG-tests-1]On Test Success testComparasionListPageIsDisplayed
2020-05-20 14:15:56,764[TestNG-tests-1]On Test Start testDeliveryPageIsDisplayed
2020-05-20 14:15:56,764[TestNG-tests-1]On Test Start testDeliveryPageIsDisplayed
2020-05-20 14:15:59,922[TestNG-tests-1]On Test Success testDeliveryPageIsDisplayed
2020-05-20 14:15:59,922[TestNG-tests-1]On Test Success testDeliveryPageIsDisplayed
2020-05-20 14:15:59,923[TestNG-tests-1]On Test Start testDiscountSystemPageIsDisplayed
2020-05-20 14:15:59,923[TestNG-tests-1]On Test Start testDiscountSystemPageIsDisplayed
2020-05-20 14:16:03,663[TestNG-tests-1]On Test Success testDiscountSystemPageIsDisplayed
2020-05-20 14:16:03,663[TestNG-tests-1]On Test Success testDiscountSystemPageIsDisplayed
2020-05-20 14:16:03,664[TestNG-tests-1]On Test Start testLoginWindowIsDisplayed
2020-05-20 14:16:03,664[TestNG-tests-1]On Test Start testLoginWindowIsDisplayed
2020-05-20 14:16:06,475[TestNG-tests-1]On Test Success testLoginWindowIsDisplayed
2020-05-20 14:16:06,475[TestNG-tests-1]On Test Success testLoginWindowIsDisplayed
2020-05-20 14:16:06,475[TestNG-tests-1]On Test Start testPaymentPageIsDisplayed
2020-05-20 14:16:06,475[TestNG-tests-1]On Test Start testPaymentPageIsDisplayed
2020-05-20 14:16:09,708[TestNG-tests-1]On Test Success testPaymentPageIsDisplayed
2020-05-20 14:16:09,708[TestNG-tests-1]On Test Success testPaymentPageIsDisplayed
2020-05-20 14:16:09,708[TestNG-tests-1]On Test Start testWarrantyPageIsDisplayed
2020-05-20 14:16:09,708[TestNG-tests-1]On Test Start testWarrantyPageIsDisplayed
2020-05-20 14:16:12,465[TestNG-tests-1]On Test Success testWarrantyPageIsDisplayed
2020-05-20 14:16:12,465[TestNG-tests-1]On Test Success testWarrantyPageIsDisplayed
2020-05-20 14:16:12,465[TestNG-tests-1]On Test Start testWishListPageIsDisplayed
2020-05-20 14:16:12,465[TestNG-tests-1]On Test Start testWishListPageIsDisplayed
2020-05-20 14:16:14,910[TestNG-tests-1]On Test Success testWishListPageIsDisplayed
2020-05-20 14:16:14,910[TestNG-tests-1]On Test Success testWishListPageIsDisplayed
2020-05-20 14:16:20,785[TestNG-tests-1]On Test Start testChooseProductFromCatalog
2020-05-20 14:16:20,785[TestNG-tests-1]On Test Start testChooseProductFromCatalog
2020-05-20 14:17:00,835[TestNG-tests-1]On Test Success testChooseProductFromCatalog
2020-05-20 14:17:00,835[TestNG-tests-1]On Test Success testChooseProductFromCatalog
2020-05-20 14:17:06,788[TestNG-tests-1]On Test Start testBasketPageIsDisplayed
2020-05-20 14:17:06,789[TestNG-tests-1]On Test Start testBasketPageIsDisplayed
2020-05-20 14:17:34,707[TestNG-tests-1]On Test Success testBasketPageIsDisplayed
2020-05-20 14:17:34,707[TestNG-tests-1]On Test Success testBasketPageIsDisplayed
2020-05-20 14:17:34,708[TestNG-tests-1]On Test Start testBookmarksPageIsDisplayed
2020-05-20 14:17:34,708[TestNG-tests-1]On Test Start testBookmarksPageIsDisplayed
2020-05-20 14:17:37,566[TestNG-tests-1]On Test Success testBookmarksPageIsDisplayed
2020-05-20 14:17:37,566[TestNG-tests-1]On Test Success testBookmarksPageIsDisplayed
2020-05-20 14:17:37,567[TestNG-tests-1]On Test Start testComparasionListPageIsDisplayed
2020-05-20 14:17:37,567[TestNG-tests-1]On Test Start testComparasionListPageIsDisplayed
2020-05-20 14:17:41,134[TestNG-tests-1]On Test Success testComparasionListPageIsDisplayed
2020-05-20 14:17:41,135[TestNG-tests-1]On Test Success testComparasionListPageIsDisplayed
2020-05-20 14:17:41,135[TestNG-tests-1]On Test Start testDeliveryPageIsDisplayed
2020-05-20 14:17:41,135[TestNG-tests-1]On Test Start testDeliveryPageIsDisplayed
2020-05-20 14:17:44,103[TestNG-tests-1]On Test Success testDeliveryPageIsDisplayed
2020-05-20 14:17:44,103[TestNG-tests-1]On Test Success testDeliveryPageIsDisplayed
2020-05-20 14:17:44,104[TestNG-tests-1]On Test Start testDiscountSystemPageIsDisplayed
2020-05-20 14:17:44,104[TestNG-tests-1]On Test Start testDiscountSystemPageIsDisplayed
2020-05-20 14:17:46,887[TestNG-tests-1]On Test Success testDiscountSystemPageIsDisplayed
2020-05-20 14:17:46,887[TestNG-tests-1]On Test Success testDiscountSystemPageIsDisplayed
2020-05-20 14:17:46,888[TestNG-tests-1]On Test Start testLoginWindowIsDisplayed
2020-05-20 14:17:46,888[TestNG-tests-1]On Test Start testLoginWindowIsDisplayed
2020-05-20 14:17:48,645[TestNG-tests-1]On Test Success testLoginWindowIsDisplayed
2020-05-20 14:17:48,645[TestNG-tests-1]On Test Success testLoginWindowIsDisplayed
2020-05-20 14:17:48,646[TestNG-tests-1]On Test Start testPaymentPageIsDisplayed
2020-05-20 14:17:48,646[TestNG-tests-1]On Test Start testPaymentPageIsDisplayed
2020-05-20 14:17:51,224[TestNG-tests-1]On Test Success testPaymentPageIsDisplayed
2020-05-20 14:17:51,224[TestNG-tests-1]On Test Success testPaymentPageIsDisplayed
2020-05-20 14:17:51,224[TestNG-tests-1]On Test Start testWarrantyPageIsDisplayed
2020-05-20 14:17:51,224[TestNG-tests-1]On Test Start testWarrantyPageIsDisplayed
2020-05-20 14:17:53,894[TestNG-tests-1]On Test Success testWarrantyPageIsDisplayed
2020-05-20 14:17:53,894[TestNG-tests-1]On Test Success testWarrantyPageIsDisplayed
2020-05-20 14:17:53,894[TestNG-tests-1]On Test Start testWishListPageIsDisplayed
2020-05-20 14:17:53,895[TestNG-tests-1]On Test Start testWishListPageIsDisplayed
2020-05-20 14:17:57,385[TestNG-tests-1]On Test Success testWishListPageIsDisplayed
2020-05-20 14:17:57,385[TestNG-tests-1]On Test Success testWishListPageIsDisplayed
2020-05-20 14:20:44,802[TestNG-tests-1]On Test Start testFacrotyChromeDriver
2020-05-20 14:20:44,806[TestNG-tests-1]On Test Start testFacrotyChromeDriver
2020-05-20 14:21:08,044[TestNG-tests-1]On Test Success testFacrotyChromeDriver
2020-05-20 14:21:08,044[TestNG-tests-1]On Test Success testFacrotyChromeDriver
2020-05-20 14:21:08,044[TestNG-tests-1]On Test Start testCustomDriver
2020-05-20 14:21:08,044[TestNG-tests-1]On Test Start testCustomDriver
2020-05-20 14:21:31,536[TestNG-tests-1]On Test Success testCustomDriver
2020-05-20 14:21:31,536[TestNG-tests-1]On Test Success testCustomDriver
2020-05-20 14:21:36,624[TestNG-tests-1]On Test Start testLoginOption
2020-05-20 14:21:36,624[TestNG-tests-1]On Test Start testLoginOption
2020-05-20 14:21:36,626[TestNG-tests-1]Check out file's path
2020-05-20 14:21:36,626[TestNG-tests-1]Check out file's path
2020-05-20 14:21:58,462[TestNG-tests-1]Check out file's path
2020-05-20 14:21:58,585[TestNG-tests-1]Check out file's path
2020-05-20 14:21:58,664[TestNG-tests-1]Check out file's path
2020-05-20 14:21:58,664[TestNG-tests-1]Useris successfully logged in 
2020-05-20 14:21:58,712[TestNG-tests-1]On Test Failed testLoginOption
2020-05-20 14:21:59,374[TestNG-tests-1]On Test Failed testLoginOption
2020-05-20 14:22:05,727[TestNG-tests-1]On Test Start testAdditionProductToCard
2020-05-20 14:22:05,727[TestNG-tests-1]On Test Start testAdditionProductToCard
2020-05-20 14:22:27,735[TestNG-tests-1]On Test Success testAdditionProductToCard
2020-05-20 14:22:27,735[TestNG-tests-1]On Test Success testAdditionProductToCard
2020-05-20 14:22:34,418[TestNG-tests-1]On Test Start testProductAdditionToTheList
2020-05-20 14:22:34,418[TestNG-tests-1]On Test Start testProductAdditionToTheList
2020-05-20 14:22:56,192[TestNG-tests-1]On Test Success testProductAdditionToTheList
2020-05-20 14:22:56,192[TestNG-tests-1]On Test Success testProductAdditionToTheList
2020-05-20 14:23:02,102[TestNG-tests-1]On Test Start testBasketPageIsDisplayed
2020-05-20 14:23:02,102[TestNG-tests-1]On Test Start testBasketPageIsDisplayed
2020-05-20 14:23:25,849[TestNG-tests-1]On Test Success testBasketPageIsDisplayed
2020-05-20 14:23:25,850[TestNG-tests-1]On Test Success testBasketPageIsDisplayed
2020-05-20 14:23:25,850[TestNG-tests-1]On Test Start testBookmarksPageIsDisplayed
2020-05-20 14:23:25,850[TestNG-tests-1]On Test Start testBookmarksPageIsDisplayed
2020-05-20 14:23:27,997[TestNG-tests-1]On Test Success testBookmarksPageIsDisplayed
2020-05-20 14:23:27,997[TestNG-tests-1]On Test Success testBookmarksPageIsDisplayed
2020-05-20 14:23:27,998[TestNG-tests-1]On Test Start testComparasionListPageIsDisplayed
2020-05-20 14:23:27,998[TestNG-tests-1]On Test Start testComparasionListPageIsDisplayed
2020-05-20 14:23:31,460[TestNG-tests-1]On Test Success testComparasionListPageIsDisplayed
2020-05-20 14:23:31,460[TestNG-tests-1]On Test Success testComparasionListPageIsDisplayed
2020-05-20 14:23:31,461[TestNG-tests-1]On Test Start testDeliveryPageIsDisplayed
2020-05-20 14:23:31,461[TestNG-tests-1]On Test Start testDeliveryPageIsDisplayed
2020-05-20 14:23:35,521[TestNG-tests-1]On Test Success testDeliveryPageIsDisplayed
2020-05-20 14:23:35,521[TestNG-tests-1]On Test Success testDeliveryPageIsDisplayed
2020-05-20 14:23:35,521[TestNG-tests-1]On Test Start testDiscountSystemPageIsDisplayed
2020-05-20 14:23:35,521[TestNG-tests-1]On Test Start testDiscountSystemPageIsDisplayed
2020-05-20 14:23:38,160[TestNG-tests-1]On Test Success testDiscountSystemPageIsDisplayed
2020-05-20 14:23:38,160[TestNG-tests-1]On Test Success testDiscountSystemPageIsDisplayed
2020-05-20 14:23:38,161[TestNG-tests-1]On Test Start testLoginWindowIsDisplayed
2020-05-20 14:23:38,161[TestNG-tests-1]On Test Start testLoginWindowIsDisplayed
2020-05-20 14:23:39,686[TestNG-tests-1]On Test Success testLoginWindowIsDisplayed
2020-05-20 14:23:39,686[TestNG-tests-1]On Test Success testLoginWindowIsDisplayed
2020-05-20 14:23:39,686[TestNG-tests-1]On Test Start testPaymentPageIsDisplayed
2020-05-20 14:23:39,687[TestNG-tests-1]On Test Start testPaymentPageIsDisplayed
2020-05-20 14:23:42,787[TestNG-tests-1]On Test Success testPaymentPageIsDisplayed
2020-05-20 14:23:42,787[TestNG-tests-1]On Test Success testPaymentPageIsDisplayed
2020-05-20 14:23:42,787[TestNG-tests-1]On Test Start testWarrantyPageIsDisplayed
2020-05-20 14:23:42,787[TestNG-tests-1]On Test Start testWarrantyPageIsDisplayed
2020-05-20 14:23:46,085[TestNG-tests-1]On Test Success testWarrantyPageIsDisplayed
2020-05-20 14:23:46,085[TestNG-tests-1]On Test Success testWarrantyPageIsDisplayed
2020-05-20 14:23:46,086[TestNG-tests-1]On Test Start testWishListPageIsDisplayed
2020-05-20 14:23:46,086[TestNG-tests-1]On Test Start testWishListPageIsDisplayed
2020-05-20 14:23:49,268[TestNG-tests-1]On Test Success testWishListPageIsDisplayed
2020-05-20 14:23:49,268[TestNG-tests-1]On Test Success testWishListPageIsDisplayed
2020-05-20 14:23:55,216[TestNG-tests-1]On Test Start testChooseProductFromCatalog
2020-05-20 14:23:55,216[TestNG-tests-1]On Test Start testChooseProductFromCatalog
2020-05-20 14:24:53,857[TestNG-tests-1]On Test Failed testChooseProductFromCatalog
2020-05-20 14:25:07,874[TestNG-tests-1]On Test Failed testChooseProductFromCatalog
2020-05-20 14:25:27,637[TestNG-tests-1]On Test Start testBasketPageIsDisplayed
2020-05-20 14:25:27,638[TestNG-tests-1]On Test Start testBasketPageIsDisplayed
2020-05-20 14:25:51,836[TestNG-tests-1]On Test Success testBasketPageIsDisplayed
2020-05-20 14:25:51,837[TestNG-tests-1]On Test Success testBasketPageIsDisplayed
2020-05-20 14:25:51,837[TestNG-tests-1]On Test Start testBookmarksPageIsDisplayed
2020-05-20 14:25:51,837[TestNG-tests-1]On Test Start testBookmarksPageIsDisplayed
2020-05-20 14:25:54,272[TestNG-tests-1]On Test Success testBookmarksPageIsDisplayed
2020-05-20 14:25:54,272[TestNG-tests-1]On Test Success testBookmarksPageIsDisplayed
2020-05-20 14:25:54,273[TestNG-tests-1]On Test Start testComparasionListPageIsDisplayed
2020-05-20 14:25:54,273[TestNG-tests-1]On Test Start testComparasionListPageIsDisplayed
2020-05-20 14:25:57,372[TestNG-tests-1]On Test Success testComparasionListPageIsDisplayed
2020-05-20 14:25:57,373[TestNG-tests-1]On Test Success testComparasionListPageIsDisplayed
2020-05-20 14:25:57,373[TestNG-tests-1]On Test Start testDeliveryPageIsDisplayed
2020-05-20 14:25:57,373[TestNG-tests-1]On Test Start testDeliveryPageIsDisplayed
2020-05-20 14:26:00,298[TestNG-tests-1]On Test Success testDeliveryPageIsDisplayed
2020-05-20 14:26:00,298[TestNG-tests-1]On Test Success testDeliveryPageIsDisplayed
2020-05-20 14:26:00,298[TestNG-tests-1]On Test Start testDiscountSystemPageIsDisplayed
2020-05-20 14:26:00,299[TestNG-tests-1]On Test Start testDiscountSystemPageIsDisplayed
2020-05-20 14:26:03,993[TestNG-tests-1]On Test Success testDiscountSystemPageIsDisplayed
2020-05-20 14:26:03,993[TestNG-tests-1]On Test Success testDiscountSystemPageIsDisplayed
2020-05-20 14:26:03,993[TestNG-tests-1]On Test Start testLoginWindowIsDisplayed
2020-05-20 14:26:03,993[TestNG-tests-1]On Test Start testLoginWindowIsDisplayed
2020-05-20 14:26:06,559[TestNG-tests-1]On Test Success testLoginWindowIsDisplayed
2020-05-20 14:26:06,559[TestNG-tests-1]On Test Success testLoginWindowIsDisplayed
2020-05-20 14:26:06,560[TestNG-tests-1]On Test Start testPaymentPageIsDisplayed
2020-05-20 14:26:06,560[TestNG-tests-1]On Test Start testPaymentPageIsDisplayed
2020-05-20 14:26:09,218[TestNG-tests-1]On Test Success testPaymentPageIsDisplayed
2020-05-20 14:26:09,218[TestNG-tests-1]On Test Success testPaymentPageIsDisplayed
2020-05-20 14:26:09,219[TestNG-tests-1]On Test Start testWarrantyPageIsDisplayed
2020-05-20 14:26:09,219[TestNG-tests-1]On Test Start testWarrantyPageIsDisplayed
2020-05-20 14:26:12,005[TestNG-tests-1]On Test Success testWarrantyPageIsDisplayed
2020-05-20 14:26:12,005[TestNG-tests-1]On Test Success testWarrantyPageIsDisplayed
2020-05-20 14:26:12,005[TestNG-tests-1]On Test Start testWishListPageIsDisplayed
2020-05-20 14:26:12,006[TestNG-tests-1]On Test Start testWishListPageIsDisplayed
2020-05-20 14:26:14,312[TestNG-tests-1]On Test Success testWishListPageIsDisplayed
2020-05-20 14:26:14,312[TestNG-tests-1]On Test Success testWishListPageIsDisplayed
2020-05-20 14:26:15,013[TestNG-tests-1]On Test Start testFacrotyChromeDriver
2020-05-20 14:26:15,013[TestNG-tests-1]On Test Start testFacrotyChromeDriver
2020-05-20 14:26:21,916[TestNG-tests-1]On Test Failed testFacrotyChromeDriver
2020-05-20 14:26:21,916[TestNG-tests-1]On Test Failed testFacrotyChromeDriver
2020-05-20 14:32:12,977[TestNG-tests-1]On Test Start testBookmarksPageIsDisplayed
2020-05-20 14:32:12,980[TestNG-tests-1]On Test Start testBookmarksPageIsDisplayed
2020-05-20 14:32:33,847[TestNG-tests-1]On Test Success testBookmarksPageIsDisplayed
2020-05-20 14:32:33,847[TestNG-tests-1]On Test Success testBookmarksPageIsDisplayed
2020-05-20 14:32:33,847[TestNG-tests-1]On Test Start testComparasionListPageIsDisplayed
2020-05-20 14:32:33,847[TestNG-tests-1]On Test Start testComparasionListPageIsDisplayed
2020-05-20 14:32:36,297[TestNG-tests-1]On Test Success testComparasionListPageIsDisplayed
2020-05-20 14:32:36,297[TestNG-tests-1]On Test Success testComparasionListPageIsDisplayed
2020-05-20 14:32:36,298[TestNG-tests-1]On Test Start testDeliveryPageIsDisplayed
2020-05-20 14:32:36,298[TestNG-tests-1]On Test Start testDeliveryPageIsDisplayed
2020-05-20 14:32:39,439[TestNG-tests-1]On Test Success testDeliveryPageIsDisplayed
2020-05-20 14:32:39,439[TestNG-tests-1]On Test Success testDeliveryPageIsDisplayed
2020-05-20 14:32:39,440[TestNG-tests-1]On Test Start testDiscountSystemPageIsDisplayed
2020-05-20 14:32:39,440[TestNG-tests-1]On Test Start testDiscountSystemPageIsDisplayed
2020-05-20 14:32:42,787[TestNG-tests-1]On Test Success testDiscountSystemPageIsDisplayed
2020-05-20 14:32:42,788[TestNG-tests-1]On Test Success testDiscountSystemPageIsDisplayed
2020-05-20 14:32:42,788[TestNG-tests-1]On Test Start testLoginWindowIsDisplayed
2020-05-20 14:32:42,788[TestNG-tests-1]On Test Start testLoginWindowIsDisplayed
2020-05-20 14:32:44,358[TestNG-tests-1]On Test Success testLoginWindowIsDisplayed
2020-05-20 14:32:44,359[TestNG-tests-1]On Test Success testLoginWindowIsDisplayed
2020-05-20 14:32:44,359[TestNG-tests-1]On Test Start testPaymentPageIsDisplayed
2020-05-20 14:32:44,359[TestNG-tests-1]On Test Start testPaymentPageIsDisplayed
2020-05-20 14:32:46,930[TestNG-tests-1]On Test Success testPaymentPageIsDisplayed
2020-05-20 14:32:46,930[TestNG-tests-1]On Test Success testPaymentPageIsDisplayed
2020-05-20 14:32:46,930[TestNG-tests-1]On Test Start testWarrantyPageIsDisplayed
2020-05-20 14:32:46,930[TestNG-tests-1]On Test Start testWarrantyPageIsDisplayed
2020-05-20 14:32:49,663[TestNG-tests-1]On Test Success testWarrantyPageIsDisplayed
2020-05-20 14:32:49,663[TestNG-tests-1]On Test Success testWarrantyPageIsDisplayed
2020-05-20 14:32:49,663[TestNG-tests-1]On Test Start testWishListPageIsDisplayed
2020-05-20 14:32:49,663[TestNG-tests-1]On Test Start testWishListPageIsDisplayed
2020-05-20 14:32:51,938[TestNG-tests-1]On Test Success testWishListPageIsDisplayed
2020-05-20 14:32:51,938[TestNG-tests-1]On Test Success testWishListPageIsDisplayed
2020-05-20 14:32:52,707[TestNG-tests-1]On Test Start testFacrotyChromeDriver
2020-05-20 14:32:52,707[TestNG-tests-1]On Test Start testFacrotyChromeDriver
2020-05-20 14:33:08,989[TestNG-tests-1]On Test Success testFacrotyChromeDriver
2020-05-20 14:33:08,989[TestNG-tests-1]On Test Success testFacrotyChromeDriver
2020-05-20 14:33:08,989[TestNG-tests-1]On Test Start testCustomDriver
2020-05-20 14:33:08,989[TestNG-tests-1]On Test Start testCustomDriver
2020-05-20 14:33:29,555[TestNG-tests-1]On Test Success testCustomDriver
2020-05-20 14:33:29,555[TestNG-tests-1]On Test Success testCustomDriver
2020-05-20 14:44:09,913[TestNG-tests-1]On Test Start testBookmarksPageIsDisplayed
2020-05-20 14:44:09,917[TestNG-tests-1]On Test Start testBookmarksPageIsDisplayed
2020-05-20 14:44:24,139[TestNG-tests-1]On Test Failed testBookmarksPageIsDisplayed
2020-05-20 14:44:24,139[TestNG-tests-1]On Test Failed testBookmarksPageIsDisplayed
2020-05-20 14:45:05,364[TestNG-tests-1]On Test Start testBookmarksPageIsDisplayed
2020-05-20 14:45:05,369[TestNG-tests-1]On Test Start testBookmarksPageIsDisplayed
2020-05-20 14:45:33,797[TestNG-tests-1]On Test Failed testBookmarksPageIsDisplayed
2020-05-20 14:45:33,797[TestNG-tests-1]On Test Failed testBookmarksPageIsDisplayed
2020-05-20 14:46:22,320[TestNG-tests-1]On Test Start testBookmarksPageIsDisplayed
2020-05-20 14:46:22,324[TestNG-tests-1]On Test Start testBookmarksPageIsDisplayed
2020-05-20 14:46:35,862[TestNG-tests-1]On Test Failed testBookmarksPageIsDisplayed
2020-05-20 14:46:35,862[TestNG-tests-1]On Test Failed testBookmarksPageIsDisplayed
2020-05-20 14:47:32,844[TestNG-tests-1]On Test Start testBookmarksPageIsDisplayed
2020-05-20 14:47:32,849[TestNG-tests-1]On Test Start testBookmarksPageIsDisplayed
2020-05-20 14:47:55,210[TestNG-tests-1]On Test Success testBookmarksPageIsDisplayed
2020-05-20 14:47:55,210[TestNG-tests-1]On Test Success testBookmarksPageIsDisplayed
2020-05-20 14:47:55,210[TestNG-tests-1]On Test Start testComparasionListPageIsDisplayed
2020-05-20 14:47:55,210[TestNG-tests-1]On Test Start testComparasionListPageIsDisplayed
2020-05-20 14:47:57,603[TestNG-tests-1]On Test Success testComparasionListPageIsDisplayed
2020-05-20 14:47:57,603[TestNG-tests-1]On Test Success testComparasionListPageIsDisplayed
2020-05-20 14:47:57,604[TestNG-tests-1]On Test Start testDeliveryPageIsDisplayed
2020-05-20 14:47:57,604[TestNG-tests-1]On Test Start testDeliveryPageIsDisplayed
2020-05-20 14:48:00,988[TestNG-tests-1]On Test Success testDeliveryPageIsDisplayed
2020-05-20 14:48:00,988[TestNG-tests-1]On Test Success testDeliveryPageIsDisplayed
2020-05-20 14:48:00,989[TestNG-tests-1]On Test Start testDiscountSystemPageIsDisplayed
2020-05-20 14:48:00,989[TestNG-tests-1]On Test Start testDiscountSystemPageIsDisplayed
2020-05-20 14:48:03,993[TestNG-tests-1]On Test Success testDiscountSystemPageIsDisplayed
2020-05-20 14:48:03,993[TestNG-tests-1]On Test Success testDiscountSystemPageIsDisplayed
2020-05-20 14:48:03,993[TestNG-tests-1]On Test Start testLoginWindowIsDisplayed
2020-05-20 14:48:03,993[TestNG-tests-1]On Test Start testLoginWindowIsDisplayed
2020-05-20 14:48:05,562[TestNG-tests-1]On Test Success testLoginWindowIsDisplayed
2020-05-20 14:48:05,562[TestNG-tests-1]On Test Success testLoginWindowIsDisplayed
2020-05-20 14:48:05,563[TestNG-tests-1]On Test Start testPaymentPageIsDisplayed
2020-05-20 14:48:05,563[TestNG-tests-1]On Test Start testPaymentPageIsDisplayed
2020-05-20 14:48:07,916[TestNG-tests-1]On Test Success testPaymentPageIsDisplayed
2020-05-20 14:48:07,916[TestNG-tests-1]On Test Success testPaymentPageIsDisplayed
2020-05-20 14:48:07,916[TestNG-tests-1]On Test Start testWarrantyPageIsDisplayed
2020-05-20 14:48:07,916[TestNG-tests-1]On Test Start testWarrantyPageIsDisplayed
2020-05-20 14:48:11,343[TestNG-tests-1]On Test Success testWarrantyPageIsDisplayed
2020-05-20 14:48:11,343[TestNG-tests-1]On Test Success testWarrantyPageIsDisplayed
2020-05-20 14:48:11,344[TestNG-tests-1]On Test Start testWishListPageIsDisplayed
2020-05-20 14:48:11,344[TestNG-tests-1]On Test Start testWishListPageIsDisplayed
2020-05-20 14:48:14,926[TestNG-tests-1]On Test Success testWishListPageIsDisplayed
2020-05-20 14:48:14,927[TestNG-tests-1]On Test Success testWishListPageIsDisplayed
2020-05-20 14:48:15,708[TestNG-tests-1]On Test Start testFacrotyChromeDriver
2020-05-20 14:48:15,708[TestNG-tests-1]On Test Start testFacrotyChromeDriver
2020-05-20 14:48:42,338[TestNG-tests-1]On Test Success testFacrotyChromeDriver
2020-05-20 14:48:42,338[TestNG-tests-1]On Test Success testFacrotyChromeDriver
2020-05-20 14:48:42,339[TestNG-tests-1]On Test Start testCustomDriver
2020-05-20 14:48:42,339[TestNG-tests-1]On Test Start testCustomDriver
2020-05-20 14:48:57,433[TestNG-tests-1]On Test Success testCustomDriver
2020-05-20 14:48:57,434[TestNG-tests-1]On Test Success testCustomDriver
